2025-08-11 12:29:12,120 — INFO — Visiting https://www.themarketfoodshop.com/shop/page/1/
2025-08-11 12:29:37,345 — INFO — Found 12 products on page 1
2025-08-11 12:29:37,478 — INFO — Saved  — \u20a64,000
2025-08-11 12:29:37,694 — INFO — Visiting https://www.themarketfoodshop.com/shop/page/2/
2025-08-11 12:29:54,943 — INFO — Found 12 products on page 2
2025-08-11 12:29:55,065 — INFO — Saved SOLD OUT — \u20a61,500
2025-08-11 12:29:55,215 — INFO — Visiting https://www.themarketfoodshop.com/shop/page/3/
2025-08-11 12:29:57,680 — INFO — Found 12 products on page 3
2025-08-11 12:29:58,121 — INFO — Visiting https://www.themarketfoodshop.com/shop/page/4/
2025-08-11 12:30:00,841 — INFO — Found 12 products on page 4
2025-08-11 12:30:01,344 — INFO — Visiting https://www.themarketfoodshop.com/shop/page/5/
2025-08-11 12:30:04,202 — INFO — Found 12 products on page 5
2025-08-11 12:30:04,974 — INFO — Saved HOT — \u20a62,500
2025-08-11 12:30:05,004 — INFO — Visiting https://www.themarketfoodshop.com/shop/page/6/
2025-08-11 12:30:07,530 — INFO — Found 12 products on page 6
2025-08-11 12:30:08,109 — INFO — Visiting https://www.themarketfoodshop.com/shop/page/7/
2025-08-11 12:30:11,139 — INFO — Found 12 products on page 7
2025-08-11 12:30:11,706 — INFO — Visiting https://www.themarketfoodshop.com/shop/page/8/
2025-08-11 12:30:15,650 — INFO — Found 12 products on page 8
2025-08-11 12:30:16,662 — INFO — Visiting https://www.themarketfoodshop.com/shop/page/9/
2025-08-11 12:30:18,929 — INFO — Found 12 products on page 9
2025-08-11 12:30:19,501 — INFO — Visiting https://www.themarketfoodshop.com/shop/page/10/
2025-08-11 12:30:22,422 — INFO — Found 12 products on page 10
2025-08-11 12:30:23,538 — INFO — Visiting https://www.themarketfoodshop.com/shop/page/11/
2025-08-11 12:43:41,466 — INFO — Visiting https://www.themarketfoodshop.com/shop/page/1/
2025-08-11 12:44:02,421 — INFO — Found 12 products on page 1
2025-08-11 12:44:03,117 — INFO — Visiting https://www.themarketfoodshop.com/shop/page/2/
2025-08-11 12:44:08,345 — INFO — Found 12 products on page 2
2025-08-11 12:44:08,720 — INFO — Saved SOLD OUT — \u20a61,500
2025-08-11 12:44:09,304 — INFO — Visiting https://www.themarketfoodshop.com/shop/page/3/
2025-08-11 12:44:13,438 — INFO — Found 12 products on page 3
2025-08-11 12:44:13,849 — INFO — Visiting https://www.themarketfoodshop.com/shop/page/4/
2025-08-11 12:44:16,828 — INFO — Found 12 products on page 4
2025-08-11 12:44:17,509 — INFO — Visiting https://www.themarketfoodshop.com/shop/page/5/
2025-08-11 12:44:20,718 — INFO — Found 12 products on page 5
2025-08-11 12:44:21,504 — INFO — Saved HOT — \u20a62,500
2025-08-11 12:44:21,531 — INFO — Visiting https://www.themarketfoodshop.com/shop/page/6/
2025-08-11 12:44:24,773 — INFO — Found 12 products on page 6
2025-08-11 12:44:25,398 — INFO — Visiting https://www.themarketfoodshop.com/shop/page/7/
2025-08-11 12:44:31,194 — INFO — Found 12 products on page 7
2025-08-11 12:44:31,672 — INFO — Visiting https://www.themarketfoodshop.com/shop/page/8/
2025-08-11 12:44:36,216 — INFO — Found 12 products on page 8
2025-08-11 12:44:36,827 — INFO — Visiting https://www.themarketfoodshop.com/shop/page/9/
2025-08-11 12:44:41,041 — INFO — Found 12 products on page 9
2025-08-11 12:44:41,725 — INFO — Visiting https://www.themarketfoodshop.com/shop/page/10/
2025-08-11 12:44:47,043 — INFO — Found 12 products on page 10
2025-08-11 12:44:47,874 — INFO — Visiting https://www.themarketfoodshop.com/shop/page/11/
2025-08-11 12:44:51,757 — INFO — Found 12 products on page 11
2025-08-11 12:44:52,447 — INFO — Saved SOLD OUT
HOT — \u20a610,000
2025-08-11 12:44:52,540 — INFO — Visiting https://www.themarketfoodshop.com/shop/page/12/
2025-08-11 12:44:56,296 — INFO — Found 12 products on page 12
2025-08-11 12:44:56,582 — INFO — Visiting https://www.themarketfoodshop.com/shop/page/13/
2025-08-11 12:45:03,112 — INFO — Found 12 products on page 13
2025-08-11 12:45:03,514 — INFO — Visiting https://www.themarketfoodshop.com/shop/page/14/
2025-08-11 12:45:11,862 — INFO — Found 12 products on page 14
2025-08-11 12:45:12,985 — INFO — Visiting https://www.themarketfoodshop.com/shop/page/15/
2025-08-11 12:45:16,214 — INFO — Found 12 products on page 15
2025-08-11 12:45:16,657 — INFO — Visiting https://www.themarketfoodshop.com/shop/page/16/
2025-08-11 12:45:19,146 — INFO — Found 12 products on page 16
2025-08-11 12:45:19,679 — INFO — Visiting https://www.themarketfoodshop.com/shop/page/17/
2025-08-11 12:45:22,319 — INFO — Found 12 products on page 17
2025-08-11 12:45:23,020 — INFO — Visiting https://www.themarketfoodshop.com/shop/page/18/
2025-08-11 12:45:25,320 — INFO — Found 12 products on page 18
2025-08-11 12:45:25,781 — INFO — Visiting https://www.themarketfoodshop.com/shop/page/19/
2025-08-11 12:45:27,874 — INFO — Found 10 products on page 19
2025-08-11 12:45:32,381 — INFO — Done scraping MarketFoodShop.
2025-08-11 12:47:59,080 — INFO — Visiting https://www.themarketfoodshop.com/shop/page/1/
2025-08-11 12:49:03,012 — INFO — Found 12 products on page 1
2025-08-11 12:49:03,081 — INFO — [\u2714] Saved  — \u20a64000
2025-08-11 12:49:03,309 — INFO — Visiting https://www.themarketfoodshop.com/shop/page/2/
2025-08-11 12:49:11,444 — INFO — Found 12 products on page 2
2025-08-11 12:49:11,601 — INFO — [\u2714] Saved SOLD OUT — \u20a61500
2025-08-11 12:49:11,807 — INFO — Visiting https://www.themarketfoodshop.com/shop/page/3/
2025-08-11 12:49:18,882 — INFO — Found 12 products on page 3
2025-08-11 12:49:19,165 — INFO — Visiting https://www.themarketfoodshop.com/shop/page/4/
2025-08-11 12:49:26,477 — INFO — Found 12 products on page 4
2025-08-11 12:49:26,810 — INFO — Visiting https://www.themarketfoodshop.com/shop/page/5/
2025-08-11 12:49:34,571 — INFO — Found 12 products on page 5
2025-08-11 12:49:34,873 — INFO — [\u2714] Saved HOT — \u20a62500
2025-08-11 12:49:34,904 — INFO — Visiting https://www.themarketfoodshop.com/shop/page/6/
2025-08-11 12:49:42,840 — INFO — Found 12 products on page 6
2025-08-11 12:49:43,064 — INFO — Visiting https://www.themarketfoodshop.com/shop/page/7/
2025-08-11 12:49:50,459 — INFO — Found 12 products on page 7
2025-08-11 12:49:50,709 — INFO — Visiting https://www.themarketfoodshop.com/shop/page/8/
2025-08-11 12:49:58,362 — INFO — Found 12 products on page 8
2025-08-11 12:49:58,603 — INFO — Visiting https://www.themarketfoodshop.com/shop/page/9/
2025-08-11 12:50:06,016 — INFO — Found 12 products on page 9
2025-08-11 12:50:06,248 — INFO — Visiting https://www.themarketfoodshop.com/shop/page/10/
2025-08-11 12:50:12,979 — INFO — Found 12 products on page 10
2025-08-11 12:50:13,378 — INFO — Visiting https://www.themarketfoodshop.com/shop/page/11/
2025-08-11 12:50:20,205 — INFO — Found 12 products on page 11
2025-08-11 12:50:20,455 — INFO — [\u2714] Saved SOLD OUT
HOT — \u20a610000
2025-08-11 12:50:20,538 — INFO — Visiting https://www.themarketfoodshop.com/shop/page/12/
2025-08-11 12:50:27,528 — INFO — Found 12 products on page 12
2025-08-11 12:50:27,787 — INFO — Visiting https://www.themarketfoodshop.com/shop/page/13/
2025-08-11 12:50:34,544 — INFO — Found 12 products on page 13
2025-08-11 12:50:34,810 — INFO — Visiting https://www.themarketfoodshop.com/shop/page/14/
2025-08-11 12:50:41,572 — INFO — Found 12 products on page 14
2025-08-11 12:50:41,822 — INFO — Visiting https://www.themarketfoodshop.com/shop/page/15/
2025-08-11 12:50:48,747 — INFO — Found 12 products on page 15
2025-08-11 12:50:49,064 — INFO — Visiting https://www.themarketfoodshop.com/shop/page/16/
2025-08-11 12:50:56,290 — INFO — Found 12 products on page 16
2025-08-11 12:50:56,711 — INFO — Visiting https://www.themarketfoodshop.com/shop/page/17/
2025-08-11 12:51:03,658 — INFO — Found 12 products on page 17
2025-08-11 12:51:04,089 — INFO — Visiting https://www.themarketfoodshop.com/shop/page/18/
2025-08-11 12:51:10,890 — INFO — Found 12 products on page 18
2025-08-11 12:51:11,367 — INFO — Visiting https://www.themarketfoodshop.com/shop/page/19/
2025-08-11 12:51:18,229 — INFO — Found 10 products on page 19
2025-08-11 12:51:18,619 — INFO — Visiting https://www.themarketfoodshop.com/shop/page/20/
2025-08-11 12:51:40,470 — WARNING — [!] Timeout or no products found on page 20. Stopping. Error: Message: 

2025-08-11 12:51:43,443 — INFO — Done scraping MarketFoodShop.
2025-08-14 12:29:46,411 — INFO — Visiting https://www.themarketfoodshop.com/shop/
2025-08-14 12:29:49,304 — INFO — Saved (Blended) CRAYFISH -I derica — \u20a64,000
2025-08-14 12:29:49,499 — INFO — Saved 10 mini family food gift packs — \u20a698,000
2025-08-14 12:29:49,573 — INFO — Saved 5 medium family food gift packs — \u20a686,500
2025-08-14 12:29:49,626 — INFO — Saved 5 mini family food gift packs — \u20a649,000
2025-08-14 12:29:49,834 — INFO — Saved Abacha (1 paint) — \u20a64,500
2025-08-14 12:29:49,905 — INFO — Saved Abuja Kilishi — \u20a610,000
2025-08-14 12:29:50,045 — INFO — Saved Abuja Yam — \u20a68,000
2025-08-14 12:29:50,111 — INFO — Saved Acha Flour (1kg) — \u20a68,000
2025-08-14 12:29:50,190 — INFO — Saved Acha grain (1kg) — \u20a67,700
2025-08-14 12:29:50,308 — INFO — Saved Achi powder — \u20a64,000
2025-08-14 12:29:50,369 — INFO — Saved Activated charcoal soap — \u20a65,000
2025-08-14 12:29:50,425 — INFO — Saved Adun (Peppered Corn Meal) — \u20a610,000
2025-08-14 12:29:53,541 — INFO — Next page: https://www.themarketfoodshop.com/shop/page/2/
2025-08-14 12:29:54,704 — INFO — Saved Afang Soup Pack — \u20a620,000
2025-08-14 12:29:54,789 — INFO — Saved African black soap (250g) — \u20a65,000
2025-08-14 12:29:54,852 — INFO — Saved Alligator pepper (Atare) — \u20a616,000
2025-08-14 12:29:54,908 — INFO — Saved Almond Nuts — \u20a64,500
2025-08-14 12:29:54,975 — INFO — Saved Aqueey all natural seasoning — \u20a61,500
2025-08-14 12:29:55,031 — INFO — Saved Aroso Rice (Original) — \u20a632,000
2025-08-14 12:29:55,094 — INFO — Saved Ata rodo (Fresh) — \u20a61,000
2025-08-14 12:29:55,147 — INFO — Saved Banga Soup Ingredients Pack — \u20a620,000
2025-08-14 12:29:55,229 — INFO — Saved Banga spice — \u20a63,000
2025-08-14 12:29:55,304 — INFO — Saved BENUE YAM — \u20a67,000
2025-08-14 12:29:55,382 — INFO — Saved Bitter Kola (orogbo) — \u20a67,000
2025-08-14 12:29:55,454 — INFO — Saved Bitter Leaf Soup Ingredient Pack — \u20a620,000
2025-08-14 12:29:58,260 — INFO — Next page: https://www.themarketfoodshop.com/shop/page/3/
2025-08-14 12:29:59,381 — INFO — Saved Black beans for frejon meal ( ewa ibeji) — \u20a611,000
2025-08-14 12:29:59,433 — INFO — Saved Blue berries — \u20a67,000
2025-08-14 12:29:59,484 — INFO — Saved Bonga Fish (agbodo) / Shawa — \u20a610,000
2025-08-14 12:29:59,550 — INFO — Saved Broccoli — \u20a67,000
2025-08-14 12:29:59,633 — INFO — Saved Broiler Chicken (Big) – Dressed — \u20a622,000
2025-08-14 12:29:59,695 — INFO — Saved Brown Pap (Ogi Baba) — \u20a69,000
2025-08-14 12:29:59,742 — INFO — Saved Brown rice (1kg) — \u20a69,500
2025-08-14 12:29:59,805 — INFO — Saved Cameroon Pepper (Blended) — \u20a67,000
2025-08-14 12:29:59,867 — INFO — Saved Cap rice (Original) — \u20a620,000
2025-08-14 12:29:59,992 — INFO — Saved Cassava Flour (Lafun) — \u20a62,900
2025-08-14 12:30:00,070 — INFO — Saved Cauliflower — \u20a64,000
2025-08-14 12:30:02,768 — INFO — Next page: https://www.themarketfoodshop.com/shop/page/4/
2025-08-14 12:30:03,895 — INFO — Saved Chickpeas — \u20a610,500
2025-08-14 12:30:03,972 — INFO — Saved Chilli Flakes (Crushed Chilli) — \u20a63,000
2025-08-14 12:30:04,036 — INFO — Saved Chumbys native jollof rice mix — \u20a66,200
2025-08-14 12:30:04,080 — INFO — Saved Cinnamon Powder — \u20a64,000
2025-08-14 12:30:04,142 — INFO — Saved Coconut Candy — \u20a61,500
2025-08-14 12:30:04,220 — INFO — Saved Coconut Oil (Cold Pressed) — \u20a617,000
2025-08-14 12:30:04,298 — INFO — Saved Cooking Salt (Iodized) — \u20a6200
2025-08-14 12:30:04,345 — INFO — Saved Cow Beef (1kg) — \u20a611,000
2025-08-14 12:30:04,408 — INFO — Saved Cow Beef (5Kg) — \u20a654,000
2025-08-14 12:30:04,455 — INFO — Saved Cow Kidney — \u20a64,000
2025-08-14 12:30:04,517 — INFO — Saved Cow Leg (Bokoto) — \u20a69,000
2025-08-14 12:30:04,564 — INFO — Saved Cow Liver — \u20a64,000
2025-08-14 12:30:08,331 — INFO — Next page: https://www.themarketfoodshop.com/shop/page/5/
2025-08-14 12:30:09,448 — INFO — Saved Cow meat (Beef) — \u20a611,000
2025-08-14 12:30:09,507 — INFO — Saved Cow Ponmo (Skin) — \u20a61,800
2025-08-14 12:30:09,569 — INFO — Saved Cow Shin — \u20a611,000
2025-08-14 12:30:09,616 — INFO — Saved Cow Tail (Oxtail) — \u20a625,000
2025-08-14 12:30:09,679 — INFO — Saved CRISPY PLANTAIN CHIPS — \u20a63,000
2025-08-14 12:30:09,726 — INFO — Saved Croaker Fish — \u20a66,000
2025-08-14 12:30:09,788 — INFO — Saved CUPCAKES(BOX OF 12) – — \u20a67,500
2025-08-14 12:30:09,851 — INFO — Saved Dambun Nama (Dried Shredded Meat) — \u20a615,000
2025-08-14 12:30:09,913 — INFO — Saved Date fruit — \u20a6600
2025-08-14 12:30:09,960 — INFO — Saved Dry locust bean powder (with crayfish) 150g — \u20a62,500
2025-08-14 12:30:10,023 — INFO — Saved DRY LOCUST BEANS 150g (iru) — \u20a62,500
2025-08-14 12:30:10,069 — INFO — Saved Dry Locust Beans Powder (Dry Iru powder) — \u20a63,500
2025-08-14 12:30:12,822 — INFO — Next page: https://www.themarketfoodshop.com/shop/page/6/
2025-08-14 12:30:13,929 — INFO — Saved Dry Periwinkle (200g) — \u20a69,500
2025-08-14 12:30:13,988 — INFO — Saved Dry pomo (pack of 10-15 medium sized pieces) — \u20a66,000
2025-08-14 12:30:14,051 — INFO — Saved Dry shombo ( 1 paint) — \u20a620,000
2025-08-14 12:30:14,113 — INFO — Saved Dry tatashe (1 paint bucket) — \u20a621,000
2025-08-14 12:30:14,176 — INFO — Saved Dry ugba (1 derica) — \u20a65,000
2025-08-14 12:30:14,254 — INFO — Saved Dry ugu (and other Nigerian vegetables) — \u20a68,000
2025-08-14 12:30:14,316 — INFO — Saved DUCROS CURRY — \u20a61,200
2025-08-14 12:30:14,363 — INFO — Saved DUCROS THYME — \u20a61,200
2025-08-14 12:30:14,426 — INFO — Saved Edikangikong Soup Pack — \u20a620,000
2025-08-14 12:30:14,488 — INFO — Saved Efo Riro Soup Box — \u20a620,000
2025-08-14 12:30:14,535 — INFO — Saved Egusi (Hand-peeled & Blended) — \u20a63,200
2025-08-14 12:30:14,597 — INFO — Saved Egusi Soup Pack — \u20a620,000
2025-08-14 12:30:17,407 — INFO — Next page: https://www.themarketfoodshop.com/shop/page/7/
2025-08-14 12:30:18,507 — INFO — Saved Ewa Agoyin Mix (Ata Agoyin Mix)/ Ayamase mix/ wateryam mix — \u20a67,000
2025-08-14 12:30:18,570 — INFO — Saved Ewa Oloyin (Honey Beans) picked — \u20a64,600
2025-08-14 12:30:18,652 — INFO — Saved Fish Powder (Dried) — \u20a612,000
2025-08-14 12:30:18,746 — INFO — Saved Food gift packs — \u20a626,000
2025-08-14 12:30:18,839 — INFO — Saved Fresh Catfish (eja aro) – 2 — \u20a612,000
2025-08-14 12:30:18,884 — INFO — Saved Fresh Fish Pepper Soup Pack — \u20a625,000
2025-08-14 12:30:18,950 — INFO — Saved FRESH FISH STEW — \u20a618,000
2025-08-14 12:30:19,015 — INFO — Saved Fresh fruit pack (family size) — \u20a610,000
2025-08-14 12:30:19,084 — INFO — Saved Fresh Garlic — \u20a6500
2025-08-14 12:30:19,149 — INFO — Saved Fresh Ginger Pack — \u20a6400
2025-08-14 12:30:19,216 — INFO — Saved fresh iru / locust beans — \u20a6600
2025-08-14 12:30:19,275 — INFO — Saved Fresh Okro Soup Pack — \u20a620,000
2025-08-14 12:30:23,053 — INFO — Next page: https://www.themarketfoodshop.com/shop/page/8/
2025-08-14 12:30:24,166 — INFO — Saved Fresh snails Jumbo size (pack of 10) — \u20a648,000
2025-08-14 12:30:24,239 — INFO — Saved Freshly Roasted Full Chicken — \u20a611,000
2025-08-14 12:30:24,298 — INFO — Saved Freshly Smoked Catfish – Medium Size 5 pieces — \u20a613,000
2025-08-14 12:30:24,375 — INFO — Saved Freshly Smoked Catfish (5 large pieces) — \u20a615,000
2025-08-14 12:30:24,429 — INFO — Saved Freshly Smoked Catfish (Egun) – Medium Size (pack of 10) — \u20a626,000
2025-08-14 12:30:24,513 — INFO — Saved Fried Snails / Dehydrated snails (jumbo size) 10pieces — \u20a653,000
2025-08-14 12:30:24,600 — INFO — Saved Frozen Chicken (Orobo Size) — \u20a66,500
2025-08-14 12:30:24,649 — INFO — Saved Frozen Chicken (Soft) — \u20a65,800
2025-08-14 12:30:24,713 — INFO — Saved Frozen Turkey — \u20a68,700
2025-08-14 12:30:24,762 — INFO — Saved Fruit basket — \u20a645,000
2025-08-14 12:30:24,841 — INFO — Saved Fruit Baskets (large) — \u20a685,000
2025-08-14 12:30:24,900 — INFO — Saved Full Cowleg / Bokoto (Big) — \u20a612,000
2025-08-14 12:30:27,610 — INFO — Next page: https://www.themarketfoodshop.com/shop/page/9/
2025-08-14 12:30:28,709 — INFO — Saved Gizzard (Chicken) — \u20a66,000
2025-08-14 12:30:28,771 — INFO — Saved Goat Meat (Ogufe) — \u20a611,500
2025-08-14 12:30:28,834 — INFO — Saved GOAT MEAT STEW — \u20a630,000
2025-08-14 12:30:28,880 — INFO — Saved Goatmeat Peppersoup With Yam Pack — \u20a628,000
2025-08-14 12:30:28,927 — INFO — Saved Grand vegetable oil ( 3 litres) — \u20a612,000
2025-08-14 12:30:28,990 — INFO — Saved Ground Crayfish — \u20a64,000
2025-08-14 12:30:29,037 — INFO — Saved Guinea Corn (Blended) — \u20a64,000
2025-08-14 12:30:29,099 — INFO — Saved Gurundi (Coconut Chips) — \u20a63,000
2025-08-14 12:30:29,177 — INFO — Saved Heat Pressed Coconut Oil — \u20a61,500
2025-08-14 12:30:29,240 — INFO — Saved honey beans/oloyin beans ( derica/ paint bucket) — \u20a62,200
2025-08-14 12:30:29,334 — INFO — Saved Ijebu Garri — \u20a65,500
2025-08-14 12:30:29,396 — INFO — Saved Irish Potatoes — \u20a64,500
2025-08-14 12:30:32,115 — INFO — Next page: https://www.themarketfoodshop.com/shop/page/10/
2025-08-14 12:30:33,224 — INFO — Saved Joju all natural seasoning — \u20a61,500
2025-08-14 12:30:33,288 — INFO — Saved Kale — \u20a61,200
2025-08-14 12:30:33,340 — INFO — Saved Kidney beans — \u20a63,500
2025-08-14 12:30:33,402 — INFO — Saved Kilishi — \u20a65,000
2025-08-14 12:30:33,449 — INFO — Saved Kings vegetable oil (5 litres/ 10 litres/ 25 litres) — \u20a622,000
2025-08-14 12:30:33,527 — INFO — Saved Kings Vegetable Oil 1 carton — \u20a653,000
2025-08-14 12:30:33,590 — INFO — Saved KITCHEN SCALE — \u20a65,000
2025-08-14 12:30:33,668 — INFO — Saved Kiwi (500g) — \u20a69,500
2025-08-14 12:30:33,742 — INFO — Saved Knorr Chicken Seasoning Cubes 50cubes — \u20a62,500
2025-08-14 12:30:33,805 — INFO — Saved Knorr seasoning cubes (plain) 50 cubes — \u20a62,500
2025-08-14 12:30:33,908 — INFO — Saved Kokoro (Corn Snack) — \u20a63,000
2025-08-14 12:30:34,002 — INFO — Saved Kolanuts (Obi abata) — \u20a632,000
2025-08-14 12:30:36,758 — INFO — Next page: https://www.themarketfoodshop.com/shop/page/11/
2025-08-14 12:30:37,854 — INFO — Saved Kuli-Kuli (Groundnut Cake) — \u20a63,000
2025-08-14 12:30:37,917 — INFO — Saved Lentils — \u20a69,500
2025-08-14 12:30:37,979 — INFO — Saved Live Chicken ( Old Layer) – Already Dressed — \u20a612,000
2025-08-14 12:30:38,042 — INFO — Saved Live Turkey — \u20a6100,000
2025-08-14 12:30:38,104 — INFO — Saved Local Chicken (Already Dressed) -Lean Meat — \u20a612,000
2025-08-14 12:30:38,183 — INFO — Saved Maggi Star Seasoning Cube — \u20a61,800
2025-08-14 12:30:38,245 — INFO — Saved Mangala Fish — \u20a620,000
2025-08-14 12:30:38,292 — INFO — Saved Millet Flour (Pure) — \u20a63,500
2025-08-14 12:30:38,339 — INFO — Saved SOLD OUT
HOT — \u20a610,000
2025-08-14 12:30:38,389 — INFO — Saved Moi moi leaves — \u20a61,500
2025-08-14 12:30:38,455 — INFO — Saved Moi- Moi in Leaves — \u20a616,000
2025-08-14 12:30:38,506 — INFO — Saved Native dry pepper 1 Derica — \u20a65,000
2025-08-14 12:30:41,199 — INFO — Next page: https://www.themarketfoodshop.com/shop/page/12/
2025-08-14 12:30:42,302 — INFO — Saved Nigerian Chin-Chin — \u20a63,000
2025-08-14 12:30:42,364 — INFO — Saved Nsala Soup Pack — \u20a620,000
2025-08-14 12:30:42,428 — INFO — Saved Ofada Rice — \u20a64,000
2025-08-14 12:30:42,471 — INFO — Saved Ofe Akwukwo Soup Pack — \u20a620,000
2025-08-14 12:30:42,533 — INFO — Saved Ogbono (Blended) — \u20a65,000
2025-08-14 12:30:42,580 — INFO — Saved Ogbono Seeds (Whole) — \u20a65,000
2025-08-14 12:30:42,644 — INFO — Saved Oha Soup Pack — \u20a620,000
2025-08-14 12:30:42,704 — INFO — Saved okro — \u20a61,000
2025-08-14 12:30:42,758 — INFO — Saved Olotu Beans — \u20a64,750
2025-08-14 12:30:42,800 — INFO — Saved Oluji Pure Cocoa Powder — \u20a65,500
2025-08-14 12:30:42,870 — INFO — Saved Oluji pure cocoa powder (250g refill pack) — \u20a65,000
2025-08-14 12:30:42,933 — INFO — Saved Onions — \u20a63,200
2025-08-14 12:30:46,653 — INFO — Next page: https://www.themarketfoodshop.com/shop/page/13/
2025-08-14 12:30:47,794 — INFO — Saved ONITSHA YAM — \u20a68,000
2025-08-14 12:30:47,840 — INFO — Saved Palm Oil (Pure) — \u20a68,000
2025-08-14 12:30:47,923 — INFO — Saved PALMKERNEL OIL (1 litre) — \u20a63,500
2025-08-14 12:30:47,982 — INFO — Saved Panla / Hake fish ( 1 carton) — \u20a623,000
2025-08-14 12:30:48,041 — INFO — Saved Peaches (1kg) — \u20a620,000
2025-08-14 12:30:48,104 — INFO — Saved Peeled Beans (2kg) — \u20a612,000
2025-08-14 12:30:48,178 — INFO — Saved Peppersoup Spice Mix — \u20a63,000
2025-08-14 12:30:48,231 — INFO — Saved Plain baking flour ( half paint) — \u20a63,500
2025-08-14 12:30:48,282 — INFO — Saved PLAIN UNSWEETENED YOGHURT (1litre) — \u20a63,000
2025-08-14 12:30:48,344 — INFO — Saved Plant seeds (for planting) — \u20a62,500
2025-08-14 12:30:48,407 — INFO — Saved PLANTAIN — \u20a65,000
2025-08-14 12:30:48,469 — INFO — Saved Plantain Chips (Ripe / Unripe) — \u20a65,000
2025-08-14 12:30:51,180 — INFO — Next page: https://www.themarketfoodshop.com/shop/page/14/
2025-08-14 12:30:52,344 — INFO — Saved Pure Garlic Powder — \u20a62,500
2025-08-14 12:30:52,394 — INFO — Saved Pure ginger Powder — \u20a61,500
2025-08-14 12:30:52,457 — INFO — Saved Pure Honey (Original) — \u20a63,000
2025-08-14 12:30:52,535 — INFO — Saved Pure Plantain Flour — \u20a65,300
2025-08-14 12:30:52,582 — INFO — Saved PURE SHEA BUTTER — \u20a62,000
2025-08-14 12:30:52,660 — INFO — Saved Quinoa — \u20a66,000
2025-08-14 12:30:52,722 — INFO — Saved Raspberries — \u20a68,500
2025-08-14 12:30:52,785 — INFO — Saved Raw Cocoa Butter (food grade) — \u20a68,000
2025-08-14 12:30:52,847 — INFO — Saved Red Crayfish — \u20a65,000
2025-08-14 12:30:52,910 — INFO — Saved Red currant (125g) — \u20a612,000
2025-08-14 12:30:52,957 — INFO — Saved Rhassoul Clay (100g) — \u20a62,500
2025-08-14 12:30:55,653 — INFO — Next page: https://www.themarketfoodshop.com/shop/page/15/
2025-08-14 12:30:56,741 — INFO — Saved Rice Flour — \u20a66,000
2025-08-14 12:30:56,808 — INFO — Saved Roasted Guinea Fowl — \u20a611,000
2025-08-14 12:30:56,855 — INFO — Saved Roasted turkey wings (10 pieces) — \u20a632,000
2025-08-14 12:30:56,980 — INFO — Saved Shaki (tripe) — \u20a67,500
2025-08-14 12:30:57,027 — INFO — Saved Shawa Fish- peeled — \u20a610,000
2025-08-14 12:30:57,089 — INFO — Saved Shuku-Shuku (Coconut Balls) — \u20a62,000
2025-08-14 12:30:57,167 — INFO — Saved Smoked Catfish ( from the north) — \u20a615,000
2025-08-14 12:30:57,230 — INFO — Saved smoked catfish and dry snails – combo pack — \u20a63,000
2025-08-14 12:30:57,339 — INFO — Saved Smoked Eja Abo ( ukpek fish) — \u20a630,000
2025-08-14 12:30:57,386 — INFO — Saved Smoked Eja Osan — \u20a635,000
2025-08-14 12:30:57,448 — INFO — Saved Smoked Eja Osan – Pack of 10 Pieces (Medium size) — \u20a635,000
2025-08-14 12:31:00,159 — INFO — Next page: https://www.themarketfoodshop.com/shop/page/16/
2025-08-14 12:31:01,263 — INFO — Saved Smoked Titus/Mackerel Fish (1) — \u20a64,000
2025-08-14 12:31:01,322 — INFO — Saved SOYBEAN POWDER — \u20a62,000
2025-08-14 12:31:01,432 — INFO — Saved Special rice (Cotonou Rice) — \u20a63,800
2025-08-14 12:31:01,494 — INFO — Saved SPICE SUPREME CURRY — \u20a62,600
2025-08-14 12:31:01,557 — INFO — Saved Spice Supreme Fried Rice Spice ( pack of 2) — \u20a66,000
2025-08-14 12:31:01,619 — INFO — Saved Spice supreme jollof rice spice( pack of 2) — \u20a66,000
2025-08-14 12:31:01,682 — INFO — Saved SPICE SUPREME THYME — \u20a62,600
2025-08-14 12:31:01,880 — INFO — Saved Spinach — \u20a61,500
2025-08-14 12:31:01,946 — INFO — Saved Stockfish (osan) — \u20a618,000
2025-08-14 12:31:02,002 — INFO — Saved Stockfish Cut — \u20a64,000
2025-08-14 12:31:02,055 — INFO — Saved Stockfish Flesh — \u20a62,000
2025-08-14 12:31:04,973 — INFO — Next page: https://www.themarketfoodshop.com/shop/page/17/
2025-08-14 12:31:06,112 — INFO — Saved Stockfish/Oporoko (Head) — \u20a62,000
2025-08-14 12:31:06,192 — INFO — Saved Strawberries (Fresh) — \u20a66,500
2025-08-14 12:31:06,246 — INFO — Saved Sweet bell pepper — \u20a61,800
2025-08-14 12:31:06,298 — INFO — Saved Sweet Potatoes — \u20a62,200
2025-08-14 12:31:06,359 — INFO — Saved Tasty Pot Ogi Powder ( Dry pap) — \u20a64,000
2025-08-14 12:31:06,413 — INFO — Saved Tastypot Bean Flour — \u20a64,000
2025-08-14 12:31:06,483 — INFO — Saved Tatashe (Bell Pepper) — \u20a62,000
2025-08-14 12:31:06,534 — INFO — Saved Thailand rice (Aroso) — \u20a6122,000
2025-08-14 12:31:06,599 — INFO — Saved Tilapia Fish — \u20a630,000
2025-08-14 12:31:06,683 — INFO — Saved Titus Mackerel Fish — \u20a64,000
2025-08-14 12:31:06,743 — INFO — Saved TMF Prime (foodclub) — \u20a6500
2025-08-14 12:31:06,785 — INFO — Saved Toasted Coconut Flakes — \u20a62,000
2025-08-14 12:31:10,561 — INFO — Next page: https://www.themarketfoodshop.com/shop/page/18/
2025-08-14 12:31:11,799 — INFO — Saved Tomato Beef Stew Pack — \u20a620,000
2025-08-14 12:31:11,877 — INFO — Saved Tomatoes (Fresh) — \u20a64,500
2025-08-14 12:31:11,955 — INFO — Saved Tomi’s Treat Organic Baby Food — \u20a62,500
2025-08-14 12:31:12,033 — INFO — Saved Tripe / Shaki Sac (Shakoto /Full Sac) — \u20a613,000
2025-08-14 12:31:12,096 — INFO — Saved Turkey Gizzard — \u20a68,000
2025-08-14 12:31:12,184 — INFO — Saved Ugwu Leaves (Freshly Chopped) — \u20a61,000
2025-08-14 12:31:12,275 — INFO — Saved Ukazi Soup Pack — \u20a620,000
2025-08-14 12:31:12,351 — INFO — Saved Unripe Plantain Flour (Half Paint Bucket) — \u20a65,300
2025-08-14 12:31:12,407 — INFO — Saved Water yam — \u20a65,000
2025-08-14 12:31:12,450 — INFO — Saved Waterleaf (Efo Gbure) — \u20a6500
2025-08-14 12:31:12,514 — INFO — Saved Wesson Canola Oil — \u20a620,000
2025-08-14 12:31:12,563 — INFO — Saved White Beans — \u20a62,000
2025-08-14 12:31:15,292 — INFO — Next page: https://www.themarketfoodshop.com/shop/page/19/
2025-08-14 12:31:16,385 — INFO — Saved WHITE GARLIC(IMPORTED)/PACK — \u20a65,000
2025-08-14 12:31:16,448 — INFO — Saved White pap (ogi/akamu) — \u20a68,500
2025-08-14 12:31:16,494 — INFO — Saved WHOLE RAM (HALF) — \u20a650,000
2025-08-14 12:31:16,557 — INFO — Saved Whole Wheat Flour — \u20a68,000
2025-08-14 12:31:16,634 — INFO — Saved Yaji Suya pepper — \u20a63,000
2025-08-14 12:31:16,677 — INFO — Saved Yam Flour (Elubo) — \u20a67,000
2025-08-14 12:31:16,755 — INFO — Saved YAMS (42 LARGE SIZES) for eru iyawo — \u20a6350,000
2025-08-14 12:31:16,802 — INFO — Saved Yellow Garri — \u20a64,500
2025-08-14 12:31:16,864 — INFO — Saved Yellow pap (ogi/akamu) — \u20a68,500
2025-08-14 12:31:16,927 — INFO — Saved Zobo leaves — \u20a62,000
2025-08-14 12:31:29,841 — INFO — Done scraping MarketFoodShop. Saved 222 products.
